  [1m[36m (140.6ms)[0m  [1mCREATE TABLE "schema_migrations" ("version" varchar NOT NULL) [0m
  [1m[35m (0.1ms)[0m  select sqlite_version(*)
  [1m[36m (124.2ms)[0m  [1mCREATE UNIQUE INDEX "unique_schema_migrations" ON "schema_migrations" ("version")[0m
  [1m[35mActiveRecord::SchemaMigration Load (0.2ms)[0m  SELECT "schema_migrations".* FROM "schema_migrations"
Migrating to CreateResumes (20170123050609)
  [1m[36m (0.1ms)[0m  [1mbegin transaction[0m
  [1m[35m (0.5ms)[0m  CREATE TABLE "resumes" ("id" INTEGER PRIMARY KEY AUTOINCREMENT NOT NULL, "name" varchar, "attachment" varchar, "created_at" datetime NOT NULL, "updated_at" datetime NOT NULL) 
  [1m[36mSQL (0.3ms)[0m  [1mINSERT INTO "schema_migrations" ("version") VALUES (?)[0m  [["version", "20170123050609"]]
  [1m[35m (148.8ms)[0m  commit transaction
  [1m[36mActiveRecord::SchemaMigration Load (0.1ms)[0m  [1mSELECT "schema_migrations".* FROM "schema_migrations"[0m
  [1m[36mResume Load (22.2ms)[0m  [1mSELECT "resumes".* FROM "resumes"[0m
  [1m[36mResume Load (0.3ms)[0m  [1mSELECT "resumes".* FROM "resumes"[0m
  [1m[35mResume Load (0.9ms)[0m  SELECT "resumes".* FROM "resumes"
  [1m[36mResume Load (0.7ms)[0m  [1mSELECT "resumes".* FROM "resumes"[0m
  [1m[36mActiveRecord::SchemaMigration Load (0.1ms)[0m  [1mSELECT "schema_migrations".* FROM "schema_migrations"[0m
Migrating to AddApknameToResumes (20170208032251)
  [1m[35m (0.1ms)[0m  begin transaction
  [1m[36m (0.4ms)[0m  [1mALTER TABLE "resumes" ADD "apkname" varchar[0m
  [1m[35mSQL (0.2ms)[0m  INSERT INTO "schema_migrations" ("version") VALUES (?)  [["version", "20170208032251"]]
  [1m[36m (146.4ms)[0m  [1mcommit transaction[0m
Migrating to AddSignapknameToResumes (20170208032313)
  [1m[35m (0.1ms)[0m  begin transaction
  [1m[36m (0.4ms)[0m  [1mALTER TABLE "resumes" ADD "signapkname" varchar[0m
  [1m[35mSQL (0.3ms)[0m  INSERT INTO "schema_migrations" ("version") VALUES (?)  [["version", "20170208032313"]]
  [1m[36m (155.7ms)[0m  [1mcommit transaction[0m
  [1m[35mActiveRecord::SchemaMigration Load (0.2ms)[0m  SELECT "schema_migrations".* FROM "schema_migrations"
  [1m[36m (117.2ms)[0m  [1mDROP TABLE "resumes"[0m
  [1m[35m (91.6ms)[0m  CREATE TABLE "resumes" ("id" INTEGER PRIMARY KEY AUTOINCREMENT NOT NULL, "name" varchar, "attachment" varchar, "created_at" datetime NOT NULL, "updated_at" datetime NOT NULL, "apkname" varchar, "signapkname" varchar) 
  [1m[36m (0.1ms)[0m  [1mSELECT version FROM "schema_migrations"[0m
  [1m[35m (135.0ms)[0m  DROP TABLE "resumes"
  [1m[36m (116.8ms)[0m  [1mCREATE TABLE "resumes" ("id" INTEGER PRIMARY KEY AUTOINCREMENT NOT NULL, "name" varchar, "attachment" varchar, "created_at" datetime NOT NULL, "updated_at" datetime NOT NULL, "apkname" varchar, "signapkname" varchar) [0m
  [1m[35m (0.1ms)[0m  SELECT version FROM "schema_migrations"
  [1m[36m (124.6ms)[0m  [1mINSERT INTO "schema_migrations" (version) VALUES ('20170208032313')[0m
  [1m[35m (100.3ms)[0m  INSERT INTO "schema_migrations" (version) VALUES ('20170208032251')
  [1m[36mActiveRecord::SchemaMigration Load (0.1ms)[0m  [1mSELECT "schema_migrations".* FROM "schema_migrations"[0m
Migrating to RemoveApknameFromResumes (20170208082224)
  [1m[35m (0.1ms)[0m  begin transaction
  [1m[36m (22.4ms)[0m  [1mCREATE TEMPORARY TABLE "aresumes" ("id" INTEGER PRIMARY KEY AUTOINCREMENT NOT NULL, "name" varchar, "attachment" varchar, "created_at" datetime NOT NULL, "updated_at" datetime NOT NULL, "apkname" varchar, "signapkname" varchar) [0m
  [1m[35m (0.1ms)[0m  SELECT * FROM "resumes"
  [1m[36m (0.2ms)[0m  [1mDROP TABLE "resumes"[0m
  [1m[35m (0.2ms)[0m  CREATE TABLE "resumes" ("id" INTEGER PRIMARY KEY AUTOINCREMENT NOT NULL, "name" varchar, "attachment" varchar, "created_at" datetime NOT NULL, "updated_at" datetime NOT NULL, "signapkname" varchar) 
  [1m[36m (0.1ms)[0m  [1mSELECT * FROM "aresumes"[0m
  [1m[35m (0.2ms)[0m  DROP TABLE "aresumes"
  [1m[36mSQL (0.3ms)[0m  [1mINSERT INTO "schema_migrations" ("version") VALUES (?)[0m  [["version", "20170208082224"]]
  [1m[35m (147.0ms)[0m  commit transaction
Migrating to RemoveSignapknameFromResumes (20170208082302)
  [1m[36m (0.1ms)[0m  [1mbegin transaction[0m
  [1m[35m (0.3ms)[0m  CREATE TEMPORARY TABLE "aresumes" ("id" INTEGER PRIMARY KEY AUTOINCREMENT NOT NULL, "name" varchar, "attachment" varchar, "created_at" datetime NOT NULL, "updated_at" datetime NOT NULL, "signapkname" varchar) 
  [1m[36m (0.1ms)[0m  [1mSELECT * FROM "resumes"[0m
  [1m[35m (0.2ms)[0m  DROP TABLE "resumes"
  [1m[36m (0.2ms)[0m  [1mCREATE TABLE "resumes" ("id" INTEGER PRIMARY KEY AUTOINCREMENT NOT NULL, "name" varchar, "attachment" varchar, "created_at" datetime NOT NULL, "updated_at" datetime NOT NULL) [0m
  [1m[35m (0.1ms)[0m  SELECT * FROM "aresumes"
  [1m[36m (0.2ms)[0m  [1mDROP TABLE "aresumes"[0m
  [1m[35mSQL (0.2ms)[0m  INSERT INTO "schema_migrations" ("version") VALUES (?)  [["version", "20170208082302"]]
  [1m[36m (143.8ms)[0m  [1mcommit transaction[0m
  [1m[35mActiveRecord::SchemaMigration Load (0.2ms)[0m  SELECT "schema_migrations".* FROM "schema_migrations"
  [1m[36mActiveRecord::SchemaMigration Load (0.1ms)[0m  [1mSELECT "schema_migrations".* FROM "schema_migrations"[0m
  [1m[35mActiveRecord::SchemaMigration Load (0.1ms)[0m  SELECT "schema_migrations".* FROM "schema_migrations"
  [1m[36mActiveRecord::SchemaMigration Load (0.1ms)[0m  [1mSELECT "schema_migrations".* FROM "schema_migrations"[0m
Migrating to RemoveFilenameFromResumes (20170208082658)
  [1m[35m (0.1ms)[0m  begin transaction
  [1m[36m (0.1ms)[0m  [1mrollback transaction[0m
  [1m[36mActiveRecord::SchemaMigration Load (0.1ms)[0m  [1mSELECT "schema_migrations".* FROM "schema_migrations"[0m
Migrating to RemoveFilenameFromResumes (20170208082658)
  [1m[35m (0.1ms)[0m  begin transaction
  [1m[36m (0.5ms)[0m  [1mCREATE TEMPORARY TABLE "aresumes" ("id" INTEGER PRIMARY KEY AUTOINCREMENT NOT NULL, "name" varchar, "attachment" varchar, "created_at" datetime NOT NULL, "updated_at" datetime NOT NULL) [0m
  [1m[35m (0.1ms)[0m  SELECT * FROM "resumes"
  [1m[36m (0.2ms)[0m  [1mDROP TABLE "resumes"[0m
  [1m[35m (0.2ms)[0m  CREATE TABLE "resumes" ("id" INTEGER PRIMARY KEY AUTOINCREMENT NOT NULL, "name" varchar, "attachment" varchar, "created_at" datetime NOT NULL, "updated_at" datetime NOT NULL) 
  [1m[36m (0.1ms)[0m  [1mSELECT * FROM "aresumes"[0m
  [1m[35m (0.2ms)[0m  DROP TABLE "aresumes"
  [1m[36mSQL (0.3ms)[0m  [1mINSERT INTO "schema_migrations" ("version") VALUES (?)[0m  [["version", "20170208082658"]]
  [1m[35m (135.7ms)[0m  commit transaction
  [1m[36mActiveRecord::SchemaMigration Load (0.1ms)[0m  [1mSELECT "schema_migrations".* FROM "schema_migrations"[0m
  [1m[36mActiveRecord::SchemaMigration Load (0.2ms)[0m  [1mSELECT "schema_migrations".* FROM "schema_migrations"[0m
Migrating to AddFilenameFromResumes (20170208082944)
  [1m[35m (0.1ms)[0m  begin transaction
  [1m[36m (0.4ms)[0m  [1mALTER TABLE "resumes" ADD "filename" varchar[0m
  [1m[35mSQL (0.3ms)[0m  INSERT INTO "schema_migrations" ("version") VALUES (?)  [["version", "20170208082944"]]
  [1m[36m (133.7ms)[0m  [1mcommit transaction[0m
  [1m[35mActiveRecord::SchemaMigration Load (0.1ms)[0m  SELECT "schema_migrations".* FROM "schema_migrations"
